Build started 27.5.2014. 18:59:24.
     1>Project "C:\Users\kreso\documents\visual studio 2010\Projects\završni_heap\završni_heap\završni_heap.vcxproj" on node 2 (build target(s)).
     1>InitializeBuildStatus:
         Creating "Debug\završni_heap.unsuccessfulbuild" because "AlwaysCreate" was specified.
       ClCompile:
         C:\Program Files\Microsoft Visual Studio 10.0\VC\bin\CL.exe /c /ZI /nologo /W3 /WX- /Od /Oy- /D WIN32 /D _DEBUG /D _CONSOLE /D _UNICODE /D UNICODE /Gm /EHsc /RTC1 /MDd /GS /fp:precise /Zc:wchar_t /Zc:forScope /Fo"Debug\\" /Fd"Debug\vc100.pdb" /Gd /TP /analyze- /errorReport:prompt heap.cpp
         heap.cpp
     1>c:\users\kreso\documents\visual studio 2010\projects\završni_heap\završni_heap\heap.cpp(33): warning C4996: 'scanf': This function or variable may be unsafe. Consider using scanf_s instead. To disable deprecation, use _CRT_SECURE_NO_WARNINGS. See online help for details.
                 c:\program files\microsoft visual studio 10.0\vc\include\stdio.h(304) : see declaration of 'scanf'
     1>c:\users\kreso\documents\visual studio 2010\projects\završni_heap\završni_heap\heap.cpp(54): warning C4996: 'scanf': This function or variable may be unsafe. Consider using scanf_s instead. To disable deprecation, use _CRT_SECURE_NO_WARNINGS. See online help for details.
                 c:\program files\microsoft visual studio 10.0\vc\include\stdio.h(304) : see declaration of 'scanf'
     1>c:\users\kreso\documents\visual studio 2010\projects\završni_heap\završni_heap\heap.cpp(75): warning C4996: 'scanf': This function or variable may be unsafe. Consider using scanf_s instead. To disable deprecation, use _CRT_SECURE_NO_WARNINGS. See online help for details.
                 c:\program files\microsoft visual studio 10.0\vc\include\stdio.h(304) : see declaration of 'scanf'
     1>c:\users\kreso\documents\visual studio 2010\projects\završni_heap\završni_heap\heap.cpp(77): warning C4996: 'scanf': This function or variable may be unsafe. Consider using scanf_s instead. To disable deprecation, use _CRT_SECURE_NO_WARNINGS. See online help for details.
                 c:\program files\microsoft visual studio 10.0\vc\include\stdio.h(304) : see declaration of 'scanf'
     1>c:\users\kreso\documents\visual studio 2010\projects\završni_heap\završni_heap\heap.cpp(82): warning C4996: 'scanf': This function or variable may be unsafe. Consider using scanf_s instead. To disable deprecation, use _CRT_SECURE_NO_WARNINGS. See online help for details.
                 c:\program files\microsoft visual studio 10.0\vc\include\stdio.h(304) : see declaration of 'scanf'
     1>c:\users\kreso\documents\visual studio 2010\projects\završni_heap\završni_heap\heap.cpp(138): warning C4996: 'scanf': This function or variable may be unsafe. Consider using scanf_s instead. To disable deprecation, use _CRT_SECURE_NO_WARNINGS. See online help for details.
                 c:\program files\microsoft visual studio 10.0\vc\include\stdio.h(304) : see declaration of 'scanf'
       ManifestResourceCompile:
         All outputs are up-to-date.
       Link:
         C:\Program Files\Microsoft Visual Studio 10.0\VC\bin\link.exe /ERRORREPORT:PROMPT /OUT:"C:\Users\kreso\documents\visual studio 2010\Projects\završni_heap\Debug\završni_heap.exe" /INCREMENTAL /NOLOGO kernel32.lib user32.lib gdi32.lib winspool.lib comdlg32.lib advapi32.lib shell32.lib ole32.lib oleaut32.lib uuid.lib odbc32.lib odbccp32.lib /MANIFEST /ManifestFile:"Debug\završni_heap.exe.intermediate.manifest" /MANIFESTUAC:"level='asInvoker' uiAccess='false'" /DEBUG /PDB:"C:\Users\kreso\documents\visual studio 2010\Projects\završni_heap\Debug\završni_heap.pdb" /SUBSYSTEM:CONSOLE /TLBID:1 /DYNAMICBASE /NXCOMPAT /IMPLIB:"C:\Users\kreso\documents\visual studio 2010\Projects\završni_heap\Debug\završni_heap.lib" /MACHINE:X86 "Debug\završni_heap.exe.embed.manifest.res"
         Debug\heap.obj
       Manifest:
         c:\Program Files\Microsoft SDKs\Windows\v7.0A\bin\mt.exe /nologo /verbose /out:"Debug\završni_heap.exe.embed.manifest" /manifest "Debug\završni_heap.exe.intermediate.manifest"
         All outputs are up-to-date.
       LinkEmbedManifest:
         All outputs are up-to-date.
         završni_heap.vcxproj -> C:\Users\kreso\documents\visual studio 2010\Projects\završni_heap\Debug\završni_heap.exe
       FinalizeBuildStatus:
         Deleting file "Debug\završni_heap.unsuccessfulbuild".
         Touching "Debug\završni_heap.lastbuildstate".
     1>Done Building Project "C:\Users\kreso\documents\visual studio 2010\Projects\završni_heap\završni_heap\završni_heap.vcxproj" (build target(s)).

Build succeeded.

Time Elapsed 00:00:03.79
