C:\USERS\KRESO\DOCUMENTS\VISUAL STUDIO 2010\PROJECTS\ZAVRšNI_LEFTIST\DEBUG\ZAVRšNI_LEFTIST.EXE
C:\USERS\KRESO\DOCUMENTS\VISUAL STUDIO 2010\PROJECTS\ZAVRšNI_LEFTIST\DEBUG\ZAVRšNI_LEFTIST.ILK
C:\USERS\KRESO\DOCUMENTS\VISUAL STUDIO 2010\PROJECTS\ZAVRŠNI_LEFTIST\DEBUG\ZAVRŠNI_LEFTIST.PDB
c:\Users\kreso\documents\visual studio 2010\Projects\završni_leftist\završni_leftist\Debug\cl.command.1.tlog
c:\Users\kreso\documents\visual studio 2010\Projects\završni_leftist\završni_leftist\Debug\CL.read.1.tlog
c:\Users\kreso\documents\visual studio 2010\Projects\završni_leftist\završni_leftist\Debug\CL.write.1.tlog
C:\USERS\KRESO\DOCUMENTS\VISUAL STUDIO 2010\PROJECTS\ZAVRšNI_LEFTIST\ZAVRšNI_LEFTIST\DEBUG\LEFTIST_HEAP.OBJ
c:\Users\kreso\documents\visual studio 2010\Projects\završni_leftist\završni_leftist\Debug\link.2960.read.1.tlog
c:\Users\kreso\documents\visual studio 2010\Projects\završni_leftist\završni_leftist\Debug\link.2960.write.1.tlog
c:\Users\kreso\documents\visual studio 2010\Projects\završni_leftist\završni_leftist\Debug\link.2960-cvtres.read.1.tlog
c:\Users\kreso\documents\visual studio 2010\Projects\završni_leftist\završni_leftist\Debug\link.2960-cvtres.write.1.tlog
c:\Users\kreso\documents\visual studio 2010\Projects\završni_leftist\završni_leftist\Debug\link.command.1.tlog
c:\Users\kreso\documents\visual studio 2010\Projects\završni_leftist\završni_leftist\Debug\link.read.1.tlog
c:\Users\kreso\documents\visual studio 2010\Projects\završni_leftist\završni_leftist\Debug\link.write.1.tlog
c:\Users\kreso\documents\visual studio 2010\Projects\završni_leftist\završni_leftist\Debug\link-cvtres.read.1.tlog
c:\Users\kreso\documents\visual studio 2010\Projects\završni_leftist\završni_leftist\Debug\link-cvtres.write.1.tlog
c:\Users\kreso\documents\visual studio 2010\Projects\završni_leftist\završni_leftist\Debug\mt.command.1.tlog
c:\Users\kreso\documents\visual studio 2010\Projects\završni_leftist\završni_leftist\Debug\mt.read.1.tlog
c:\Users\kreso\documents\visual studio 2010\Projects\završni_leftist\završni_leftist\Debug\mt.write.1.tlog
c:\Users\kreso\documents\visual studio 2010\Projects\završni_leftist\završni_leftist\Debug\rc.command.1.tlog
c:\Users\kreso\documents\visual studio 2010\Projects\završni_leftist\završni_leftist\Debug\rc.read.1.tlog
c:\Users\kreso\documents\visual studio 2010\Projects\završni_leftist\završni_leftist\Debug\rc.write.1.tlog
c:\Users\kreso\documents\visual studio 2010\Projects\završni_leftist\završni_leftist\Debug\vc100.idb
C:\USERS\KRESO\DOCUMENTS\VISUAL STUDIO 2010\PROJECTS\ZAVRŠNI_LEFTIST\ZAVRŠNI_LEFTIST\DEBUG\VC100.PDB
C:\USERS\KRESO\DOCUMENTS\VISUAL STUDIO 2010\PROJECTS\ZAVRšNI_LEFTIST\ZAVRšNI_LEFTIST\DEBUG\ZAVRšNI_LEFTIST.EXE.EMBED.MANIFEST
C:\USERS\KRESO\DOCUMENTS\VISUAL STUDIO 2010\PROJECTS\ZAVRšNI_LEFTIST\ZAVRšNI_LEFTIST\DEBUG\ZAVRšNI_LEFTIST.EXE.EMBED.MANIFEST.RES
C:\USERS\KRESO\DOCUMENTS\VISUAL STUDIO 2010\PROJECTS\ZAVRšNI_LEFTIST\ZAVRšNI_LEFTIST\DEBUG\ZAVRšNI_LEFTIST.EXE.INTERMEDIATE.MANIFEST
c:\Users\kreso\documents\visual studio 2010\Projects\završni_leftist\završni_leftist\Debug\završni_leftist.write.1.tlog
c:\Users\kreso\documents\visual studio 2010\Projects\završni_leftist\završni_leftist\Debug\završni_leftist_manifest.rc
